{"/c/Users/nkokl/Project/jcod-react-parser/src/ContentParser/ContentParser.js": {"path":"/c/Users/nkokl/Project/jcod-react-parser/src/ContentParser/ContentParser.js","statementMap":{"0":{"start":{"line":4,"column":28},"end":{"line":11,"column":1}},"1":{"start":{"line":6,"column":2},"end":{"line":10,"column":8}},"2":{"start":{"line":7,"column":4},"end":{"line":7,"column":39}},"3":{"start":{"line":7,"column":21},"end":{"line":7,"column":39}},"4":{"start":{"line":8,"column":4},"end":{"line":8,"column":62}},"5":{"start":{"line":8,"column":34},"end":{"line":8,"column":62}},"6":{"start":{"line":9,"column":4},"end":{"line":9,"column":29}},"7":{"start":{"line":13,"column":22},"end":{"line":21,"column":2}},"8":{"start":{"line":23,"column":24},"end":{"line":28,"column":1}},"9":{"start":{"line":24,"column":33},"end":{"line":24,"column":38}},"10":{"start":{"line":25,"column":37},"end":{"line":25,"column":41}},"11":{"start":{"line":26,"column":37},"end":{"line":26,"column":41}},"12":{"start":{"line":31,"column":21},"end":{"line":50,"column":3}},"13":{"start":{"line":52,"column":24},"end":{"line":63,"column":3}},"14":{"start":{"line":65,"column":30},"end":{"line":70,"column":3}},"15":{"start":{"line":66,"column":4},"end":{"line":69,"column":5}},"16":{"start":{"line":72,"column":26},"end":{"line":74,"column":3}},"17":{"start":{"line":73,"column":4},"end":{"line":73,"column":15}},"18":{"start":{"line":75,"column":29},"end":{"line":91,"column":3}},"19":{"start":{"line":80,"column":25},"end":{"line":88,"column":5}},"20":{"start":{"line":89,"column":4},"end":{"line":89,"column":74}},"21":{"start":{"line":90,"column":4},"end":{"line":90,"column":39}},"22":{"start":{"line":93,"column":21},"end":{"line":127,"column":3}},"23":{"start":{"line":94,"column":4},"end":{"line":94,"column":57}},"24":{"start":{"line":94,"column":51},"end":{"line":94,"column":57}},"25":{"start":{"line":95,"column":31},"end":{"line":95,"column":39}},"26":{"start":{"line":105,"column":8},"end":{"line":105,"column":16}},"27":{"start":{"line":106,"column":27},"end":{"line":110,"column":5}},"28":{"start":{"line":111,"column":25},"end":{"line":125,"column":5}},"29":{"start":{"line":126,"column":4},"end":{"line":126,"column":74}},"30":{"start":{"line":129,"column":24},"end":{"line":150,"column":3}},"31":{"start":{"line":130,"column":28},"end":{"line":130,"column":71}},"32":{"start":{"line":132,"column":4},"end":{"line":135,"column":5}},"33":{"start":{"line":133,"column":6},"end":{"line":133,"column":47}},"34":{"start":{"line":134,"column":6},"end":{"line":134,"column":45}},"35":{"start":{"line":136,"column":4},"end":{"line":137,"column":40}},"36":{"start":{"line":137,"column":6},"end":{"line":137,"column":40}},"37":{"start":{"line":139,"column":4},"end":{"line":149,"column":5}},"38":{"start":{"line":153,"column":4},"end":{"line":153,"column":16}},"39":{"start":{"line":155,"column":63},"end":{"line":155,"column":68}},"40":{"start":{"line":156,"column":20},"end":{"line":159,"column":5}},"41":{"start":{"line":161,"column":27},"end":{"line":261,"column":7}},"42":{"start":{"line":161,"column":47},"end":{"line":261,"column":7}},"43":{"start":{"line":162,"column":6},"end":{"line":261,"column":7}},"44":{"start":{"line":163,"column":8},"end":{"line":260,"column":9}},"45":{"start":{"line":164,"column":27},"end":{"line":164,"column":64}},"46":{"start":{"line":165,"column":27},"end":{"line":168,"column":11}},"47":{"start":{"line":169,"column":41},"end":{"line":174,"column":11}},"48":{"start":{"line":169,"column":50},"end":{"line":174,"column":11}},"49":{"start":{"line":170,"column":12},"end":{"line":170,"column":57}},"50":{"start":{"line":170,"column":46},"end":{"line":170,"column":57}},"51":{"start":{"line":171,"column":12},"end":{"line":173,"column":51}},"52":{"start":{"line":176,"column":10},"end":{"line":186,"column":11}},"53":{"start":{"line":185,"column":12},"end":{"line":185,"column":24}},"54":{"start":{"line":187,"column":10},"end":{"line":257,"column":11}},"55":{"start":{"line":188,"column":29},"end":{"line":191,"column":13}},"56":{"start":{"line":192,"column":33},"end":{"line":194,"column":21}},"57":{"start":{"line":202,"column":16},"end":{"line":202,"column":28}},"58":{"start":{"line":204,"column":12},"end":{"line":205,"column":61}},"59":{"start":{"line":205,"column":14},"end":{"line":205,"column":61}},"60":{"start":{"line":207,"column":30},"end":{"line":211,"column":13}},"61":{"start":{"line":217,"column":16},"end":{"line":217,"column":25}},"62":{"start":{"line":222,"column":16},"end":{"line":222,"column":31}},"63":{"start":{"line":224,"column":41},"end":{"line":224,"column":70}},"64":{"start":{"line":226,"column":42},"end":{"line":234,"column":13}},"65":{"start":{"line":229,"column":38},"end":{"line":232,"column":15}},"66":{"start":{"line":237,"column":14},"end":{"line":246,"column":59}},"67":{"start":{"line":249,"column":14},"end":{"line":251,"column":26}},"68":{"start":{"line":254,"column":12},"end":{"line":256,"column":24}},"69":{"start":{"line":259,"column":10},"end":{"line":259,"column":22}},"70":{"start":{"line":268,"column":33},"end":{"line":275,"column":14}},"71":{"start":{"line":271,"column":10},"end":{"line":274,"column":11}},"72":{"start":{"line":277,"column":4},"end":{"line":277,"column":69}},"73":{"start":{"line":281,"column":36},"end":{"line":281,"column":46}},"74":{"start":{"line":282,"column":22},"end":{"line":282,"column":57}},"75":{"start":{"line":284,"column":4},"end":{"line":290,"column":5}}},"fnMap":{"0":{"name":"(anonymous_0)","decl":{"start":{"line":4,"column":28},"end":{"line":4,"column":29}},"loc":{"start":{"line":4,"column":43},"end":{"line":11,"column":1}},"line":4},"1":{"name":"(anonymous_1)","decl":{"start":{"line":6,"column":28},"end":{"line":6,"column":29}},"loc":{"start":{"line":6,"column":56},"end":{"line":10,"column":3}},"line":6},"2":{"name":"(anonymous_2)","decl":{"start":{"line":24,"column":12},"end":{"line":24,"column":13}},"loc":{"start":{"line":24,"column":33},"end":{"line":24,"column":38}},"line":24},"3":{"name":"(anonymous_3)","decl":{"start":{"line":25,"column":17},"end":{"line":25,"column":18}},"loc":{"start":{"line":25,"column":37},"end":{"line":25,"column":41}},"line":25},"4":{"name":"(anonymous_4)","decl":{"start":{"line":26,"column":17},"end":{"line":26,"column":18}},"loc":{"start":{"line":26,"column":37},"end":{"line":26,"column":41}},"line":26},"5":{"name":"(anonymous_5)","decl":{"start":{"line":65,"column":30},"end":{"line":65,"column":31}},"loc":{"start":{"line":65,"column":43},"end":{"line":70,"column":3}},"line":65},"6":{"name":"FalsyComponent","decl":{"start":{"line":72,"column":35},"end":{"line":72,"column":49}},"loc":{"start":{"line":72,"column":52},"end":{"line":74,"column":3}},"line":72},"7":{"name":"(anonymous_7)","decl":{"start":{"line":75,"column":29},"end":{"line":75,"column":30}},"loc":{"start":{"line":79,"column":7},"end":{"line":91,"column":3}},"line":79},"8":{"name":"(anonymous_8)","decl":{"start":{"line":93,"column":21},"end":{"line":93,"column":22}},"loc":{"start":{"line":93,"column":50},"end":{"line":127,"column":3}},"line":93},"9":{"name":"(anonymous_9)","decl":{"start":{"line":129,"column":24},"end":{"line":129,"column":25}},"loc":{"start":{"line":129,"column":78},"end":{"line":150,"column":3}},"line":129},"10":{"name":"(anonymous_10)","decl":{"start":{"line":152,"column":2},"end":{"line":152,"column":3}},"loc":{"start":{"line":152,"column":21},"end":{"line":278,"column":3}},"line":152},"11":{"name":"(anonymous_11)","decl":{"start":{"line":161,"column":27},"end":{"line":161,"column":28}},"loc":{"start":{"line":161,"column":47},"end":{"line":261,"column":7}},"line":161},"12":{"name":"(anonymous_12)","decl":{"start":{"line":161,"column":47},"end":{"line":161,"column":48}},"loc":{"start":{"line":162,"column":6},"end":{"line":261,"column":7}},"line":162},"13":{"name":"renderChild","decl":{"start":{"line":162,"column":15},"end":{"line":162,"column":26}},"loc":{"start":{"line":162,"column":34},"end":{"line":261,"column":7}},"line":162},"14":{"name":"(anonymous_14)","decl":{"start":{"line":163,"column":15},"end":{"line":163,"column":16}},"loc":{"start":{"line":163,"column":39},"end":{"line":260,"column":9}},"line":163},"15":{"name":"(anonymous_15)","decl":{"start":{"line":169,"column":41},"end":{"line":169,"column":42}},"loc":{"start":{"line":169,"column":50},"end":{"line":174,"column":11}},"line":169},"16":{"name":"(anonymous_16)","decl":{"start":{"line":169,"column":50},"end":{"line":169,"column":51}},"loc":{"start":{"line":169,"column":59},"end":{"line":174,"column":11}},"line":169},"17":{"name":"(anonymous_17)","decl":{"start":{"line":229,"column":14},"end":{"line":229,"column":15}},"loc":{"start":{"line":229,"column":38},"end":{"line":232,"column":15}},"line":229},"18":{"name":"(anonymous_18)","decl":{"start":{"line":270,"column":42},"end":{"line":270,"column":43}},"loc":{"start":{"line":270,"column":79},"end":{"line":275,"column":9}},"line":270},"19":{"name":"(anonymous_19)","decl":{"start":{"line":280,"column":2},"end":{"line":280,"column":3}},"loc":{"start":{"line":280,"column":11},"end":{"line":291,"column":3}},"line":280}},"branchMap":{"0":{"loc":{"start":{"line":7,"column":4},"end":{"line":7,"column":39}},"type":"if","locations":[{"start":{"line":7,"column":4},"end":{"line":7,"column":39}},{"start":{"line":7,"column":4},"end":{"line":7,"column":39}}],"line":7},"1":{"loc":{"start":{"line":8,"column":4},"end":{"line":8,"column":62}},"type":"if","locations":[{"start":{"line":8,"column":4},"end":{"line":8,"column":62}},{"start":{"line":8,"column":4},"end":{"line":8,"column":62}}],"line":8},"2":{"loc":{"start":{"line":82,"column":6},"end":{"line":84,"column":12}},"type":"cond-expr","locations":[{"start":{"line":83,"column":10},"end":{"line":83,"column":148}},{"start":{"line":84,"column":10},"end":{"line":84,"column":12}}],"line":82},"3":{"loc":{"start":{"line":85,"column":6},"end":{"line":87,"column":12}},"type":"cond-expr","locations":[{"start":{"line":86,"column":10},"end":{"line":86,"column":152}},{"start":{"line":87,"column":10},"end":{"line":87,"column":12}}],"line":85},"4":{"loc":{"start":{"line":89,"column":4},"end":{"line":89,"column":74}},"type":"binary-expr","locations":[{"start":{"line":89,"column":4},"end":{"line":89,"column":23}},{"start":{"line":89,"column":27},"end":{"line":89,"column":40}},{"start":{"line":89,"column":44},"end":{"line":89,"column":74}}],"line":89},"5":{"loc":{"start":{"line":93,"column":32},"end":{"line":93,"column":45}},"type":"default-arg","locations":[{"start":{"line":93,"column":43},"end":{"line":93,"column":45}}],"line":93},"6":{"loc":{"start":{"line":94,"column":4},"end":{"line":94,"column":57}},"type":"if","locations":[{"start":{"line":94,"column":4},"end":{"line":94,"column":57}},{"start":{"line":94,"column":4},"end":{"line":94,"column":57}}],"line":94},"7":{"loc":{"start":{"line":94,"column":8},"end":{"line":94,"column":49}},"type":"binary-expr","locations":[{"start":{"line":94,"column":8},"end":{"line":94,"column":17}},{"start":{"line":94,"column":21},"end":{"line":94,"column":49}}],"line":94},"8":{"loc":{"start":{"line":100,"column":13},"end":{"line":100,"column":68}},"type":"default-arg","locations":[{"start":{"line":100,"column":66},"end":{"line":100,"column":68}}],"line":100},"9":{"loc":{"start":{"line":101,"column":19},"end":{"line":104,"column":12}},"type":"default-arg","locations":[{"start":{"line":104,"column":10},"end":{"line":104,"column":12}}],"line":101},"10":{"loc":{"start":{"line":107,"column":6},"end":{"line":107,"column":30}},"type":"cond-expr","locations":[{"start":{"line":107,"column":17},"end":{"line":107,"column":25}},{"start":{"line":107,"column":28},"end":{"line":107,"column":30}}],"line":107},"11":{"loc":{"start":{"line":108,"column":6},"end":{"line":108,"column":52}},"type":"cond-expr","locations":[{"start":{"line":108,"column":32},"end":{"line":108,"column":47}},{"start":{"line":108,"column":50},"end":{"line":108,"column":52}}],"line":108},"12":{"loc":{"start":{"line":109,"column":6},"end":{"line":109,"column":40}},"type":"cond-expr","locations":[{"start":{"line":109,"column":26},"end":{"line":109,"column":35}},{"start":{"line":109,"column":38},"end":{"line":109,"column":40}}],"line":109},"13":{"loc":{"start":{"line":112,"column":6},"end":{"line":118,"column":12}},"type":"cond-expr","locations":[{"start":{"line":113,"column":10},"end":{"line":117,"column":39}},{"start":{"line":118,"column":10},"end":{"line":118,"column":12}}],"line":112},"14":{"loc":{"start":{"line":119,"column":6},"end":{"line":121,"column":12}},"type":"cond-expr","locations":[{"start":{"line":120,"column":10},"end":{"line":120,"column":194}},{"start":{"line":121,"column":10},"end":{"line":121,"column":12}}],"line":119},"15":{"loc":{"start":{"line":122,"column":6},"end":{"line":124,"column":12}},"type":"cond-expr","locations":[{"start":{"line":123,"column":10},"end":{"line":123,"column":206}},{"start":{"line":124,"column":10},"end":{"line":124,"column":12}}],"line":122},"16":{"loc":{"start":{"line":126,"column":4},"end":{"line":126,"column":74}},"type":"binary-expr","locations":[{"start":{"line":126,"column":4},"end":{"line":126,"column":23}},{"start":{"line":126,"column":27},"end":{"line":126,"column":40}},{"start":{"line":126,"column":44},"end":{"line":126,"column":74}}],"line":126},"17":{"loc":{"start":{"line":129,"column":36},"end":{"line":129,"column":59}},"type":"default-arg","locations":[{"start":{"line":129,"column":57},"end":{"line":129,"column":59}}],"line":129},"18":{"loc":{"start":{"line":129,"column":61},"end":{"line":129,"column":73}},"type":"default-arg","locations":[{"start":{"line":129,"column":71},"end":{"line":129,"column":73}}],"line":129},"19":{"loc":{"start":{"line":132,"column":4},"end":{"line":135,"column":5}},"type":"if","locations":[{"start":{"line":132,"column":4},"end":{"line":135,"column":5}},{"start":{"line":132,"column":4},"end":{"line":135,"column":5}}],"line":132},"20":{"loc":{"start":{"line":136,"column":4},"end":{"line":137,"column":40}},"type":"if","locations":[{"start":{"line":136,"column":4},"end":{"line":137,"column":40}},{"start":{"line":136,"column":4},"end":{"line":137,"column":40}}],"line":136},"21":{"loc":{"start":{"line":140,"column":6},"end":{"line":148,"column":65}},"type":"binary-expr","locations":[{"start":{"line":140,"column":6},"end":{"line":140,"column":35}},{"start":{"line":141,"column":7},"end":{"line":141,"column":56}},{"start":{"line":141,"column":60},"end":{"line":141,"column":69}},{"start":{"line":142,"column":7},"end":{"line":142,"column":41}},{"start":{"line":143,"column":8},"end":{"line":143,"column":39}},{"start":{"line":144,"column":8},"end":{"line":144,"column":17}},{"start":{"line":145,"column":7},"end":{"line":145,"column":39}},{"start":{"line":146,"column":8},"end":{"line":146,"column":37}},{"start":{"line":147,"column":8},"end":{"line":147,"column":17}},{"start":{"line":148,"column":6},"end":{"line":148,"column":65}}],"line":140},"22":{"loc":{"start":{"line":161,"column":28},"end":{"line":161,"column":42}},"type":"default-arg","locations":[{"start":{"line":161,"column":40},"end":{"line":161,"column":42}}],"line":161},"23":{"loc":{"start":{"line":161,"column":48},"end":{"line":161,"column":66}},"type":"default-arg","locations":[{"start":{"line":161,"column":64},"end":{"line":161,"column":66}}],"line":161},"24":{"loc":{"start":{"line":164,"column":30},"end":{"line":164,"column":54}},"type":"cond-expr","locations":[{"start":{"line":164,"column":38},"end":{"line":164,"column":49}},{"start":{"line":164,"column":52},"end":{"line":164,"column":54}}],"line":164},"25":{"loc":{"start":{"line":170,"column":12},"end":{"line":170,"column":57}},"type":"if","locations":[{"start":{"line":170,"column":12},"end":{"line":170,"column":57}},{"start":{"line":170,"column":12},"end":{"line":170,"column":57}}],"line":170},"26":{"loc":{"start":{"line":171,"column":19},"end":{"line":173,"column":51}},"type":"cond-expr","locations":[{"start":{"line":172,"column":16},"end":{"line":172,"column":59}},{"start":{"line":173,"column":16},"end":{"line":173,"column":51}}],"line":171},"27":{"loc":{"start":{"line":176,"column":10},"end":{"line":186,"column":11}},"type":"if","locations":[{"start":{"line":176,"column":10},"end":{"line":186,"column":11}},{"start":{"line":176,"column":10},"end":{"line":186,"column":11}}],"line":176},"28":{"loc":{"start":{"line":187,"column":10},"end":{"line":257,"column":11}},"type":"if","locations":[{"start":{"line":187,"column":10},"end":{"line":257,"column":11}},{"start":{"line":187,"column":10},"end":{"line":257,"column":11}}],"line":187},"29":{"loc":{"start":{"line":192,"column":33},"end":{"line":194,"column":21}},"type":"cond-expr","locations":[{"start":{"line":193,"column":16},"end":{"line":193,"column":50}},{"start":{"line":194,"column":16},"end":{"line":194,"column":21}}],"line":192},"30":{"loc":{"start":{"line":198,"column":14},"end":{"line":198,"column":41}},"type":"default-arg","locations":[{"start":{"line":198,"column":20},"end":{"line":198,"column":41}}],"line":198},"31":{"loc":{"start":{"line":200,"column":21},"end":{"line":200,"column":35}},"type":"default-arg","locations":[{"start":{"line":200,"column":33},"end":{"line":200,"column":35}}],"line":200},"32":{"loc":{"start":{"line":201,"column":27},"end":{"line":201,"column":47}},"type":"default-arg","locations":[{"start":{"line":201,"column":45},"end":{"line":201,"column":47}}],"line":201},"33":{"loc":{"start":{"line":204,"column":12},"end":{"line":205,"column":61}},"type":"if","locations":[{"start":{"line":204,"column":12},"end":{"line":205,"column":61}},{"start":{"line":204,"column":12},"end":{"line":205,"column":61}}],"line":204},"34":{"loc":{"start":{"line":237,"column":14},"end":{"line":246,"column":59}},"type":"cond-expr","locations":[{"start":{"line":240,"column":18},"end":{"line":245,"column":19}},{"start":{"line":246,"column":18},"end":{"line":246,"column":59}}],"line":237},"35":{"loc":{"start":{"line":237,"column":14},"end":{"line":239,"column":53}},"type":"binary-expr","locations":[{"start":{"line":237,"column":14},"end":{"line":237,"column":26}},{"start":{"line":238,"column":14},"end":{"line":238,"column":33}},{"start":{"line":239,"column":14},"end":{"line":239,"column":53}}],"line":237},"36":{"loc":{"start":{"line":241,"column":20},"end":{"line":244,"column":38}},"type":"binary-expr","locations":[{"start":{"line":241,"column":20},"end":{"line":241,"column":32}},{"start":{"line":242,"column":22},"end":{"line":242,"column":41}},{"start":{"line":243,"column":23},"end":{"line":243,"column":62}},{"start":{"line":244,"column":24},"end":{"line":244,"column":37}}],"line":241},"37":{"loc":{"start":{"line":246,"column":18},"end":{"line":246,"column":59}},"type":"binary-expr","locations":[{"start":{"line":246,"column":18},"end":{"line":246,"column":31}},{"start":{"line":246,"column":35},"end":{"line":246,"column":59}}],"line":246},"38":{"loc":{"start":{"line":254,"column":19},"end":{"line":256,"column":24}},"type":"cond-expr","locations":[{"start":{"line":255,"column":16},"end":{"line":255,"column":48}},{"start":{"line":256,"column":16},"end":{"line":256,"column":24}}],"line":254},"39":{"loc":{"start":{"line":268,"column":33},"end":{"line":275,"column":14}},"type":"cond-expr","locations":[{"start":{"line":269,"column":8},"end":{"line":269,"column":54}},{"start":{"line":270,"column":8},"end":{"line":275,"column":14}}],"line":268},"40":{"loc":{"start":{"line":281,"column":18},"end":{"line":281,"column":31}},"type":"default-arg","locations":[{"start":{"line":281,"column":29},"end":{"line":281,"column":31}}],"line":281},"41":{"loc":{"start":{"line":282,"column":22},"end":{"line":282,"column":57}},"type":"cond-expr","locations":[{"start":{"line":282,"column":44},"end":{"line":282,"column":48}},{"start":{"line":282,"column":51},"end":{"line":282,"column":57}}],"line":282},"42":{"loc":{"start":{"line":284,"column":11},"end":{"line":290,"column":5}},"type":"cond-expr","locations":[{"start":{"line":285,"column":6},"end":{"line":287,"column":7}},{"start":{"line":289,"column":6},"end":{"line":289,"column":62}}],"line":284}},"s":{"0":1,"1":9,"2":21,"3":9,"4":12,"5":7,"6":5,"7":1,"8":1,"9":30,"10":30,"11":5,"12":1,"13":1,"14":1,"15":39,"16":1,"17":15,"18":1,"19":18,"20":18,"21":18,"22":1,"23":40,"24":0,"25":40,"26":40,"27":40,"28":40,"29":40,"30":1,"31":36,"32":36,"33":1,"34":1,"35":36,"36":11,"37":36,"38":5,"39":5,"40":5,"41":5,"42":5,"43":5,"44":20,"45":50,"46":50,"47":50,"48":30,"49":15,"50":0,"51":15,"52":50,"53":20,"54":30,"55":30,"56":30,"57":30,"58":30,"59":30,"60":30,"61":30,"62":30,"63":30,"64":30,"65":0,"66":30,"67":30,"68":30,"69":0,"70":5,"71":0,"72":5,"73":5,"74":5,"75":5},"f":{"0":9,"1":21,"2":30,"3":30,"4":5,"5":39,"6":15,"7":18,"8":40,"9":36,"10":5,"11":5,"12":5,"13":20,"14":50,"15":30,"16":15,"17":0,"18":0,"19":5},"b":{"0":[9,12],"1":[7,5],"2":[8,10],"3":[7,11],"4":[18,1,1],"5":[0],"6":[0,40],"7":[40,40],"8":[15],"9":[34],"10":[22,18],"11":[5,35],"12":[5,35],"13":[5,35],"14":[2,38],"15":[2,38],"16":[40,7,7],"17":[0],"18":[0],"19":[1,35],"20":[11,25],"21":[36,27,0,27,9,5,22,7,5,17],"22":[0],"23":[0],"24":[15,35],"25":[0,15],"26":[0,15],"27":[20,30],"28":[30,0],"29":[30,0],"30":[30],"31":[15],"32":[30],"33":[30,0],"34":[15,15],"35":[30,15,15],"36":[15,0,0,0],"37":[15,0],"38":[30,0],"39":[5,0],"40":[0],"41":[5,0],"42":[5,0]},"_coverageSchema":"43e27e138ebf9cfc5966b082cf9a028302ed4184","hash":"a935882d3a8991820615ebcff812d35862ba70af"}
}
