TN:
SF:/c/Users/nkokl/Project/jcod-react-parser/src/ContentParser/ContentParser.js
FN:4,(anonymous_0)
FN:6,(anonymous_1)
FN:24,(anonymous_2)
FN:25,(anonymous_3)
FN:26,(anonymous_4)
FN:65,(anonymous_5)
FN:72,(anonymous_6)
FN:73,(anonymous_7)
FN:91,(anonymous_8)
FN:127,(anonymous_9)
FN:151,(anonymous_10)
FN:160,(anonymous_11)
FN:160,(anonymous_12)
FN:161,renderChild
FN:162,(anonymous_14)
FN:168,(anonymous_15)
FN:168,(anonymous_16)
FN:228,(anonymous_17)
FN:270,(anonymous_18)
FN:280,(anonymous_19)
FNF:20
FNH:5
FNDA:4,(anonymous_0)
FNDA:9,(anonymous_1)
FNDA:0,(anonymous_2)
FNDA:0,(anonymous_3)
FNDA:0,(anonymous_4)
FNDA:3,(anonymous_5)
FNDA:1,(anonymous_6)
FNDA:1,(anonymous_7)
FNDA:0,(anonymous_8)
FNDA:0,(anonymous_9)
FNDA:0,(anonymous_10)
FNDA:0,(anonymous_11)
FNDA:0,(anonymous_12)
FNDA:0,renderChild
FNDA:0,(anonymous_14)
FNDA:0,(anonymous_15)
FNDA:0,(anonymous_16)
FNDA:0,(anonymous_17)
FNDA:0,(anonymous_18)
FNDA:0,(anonymous_19)
DA:4,1
DA:6,4
DA:7,9
DA:8,5
DA:9,3
DA:13,1
DA:23,1
DA:24,0
DA:25,0
DA:26,0
DA:31,1
DA:52,1
DA:65,1
DA:66,3
DA:72,1
DA:73,1
DA:78,1
DA:87,1
DA:88,1
DA:91,1
DA:92,0
DA:93,0
DA:103,0
DA:104,0
DA:109,0
DA:124,0
DA:127,1
DA:128,0
DA:131,0
DA:132,0
DA:133,0
DA:135,0
DA:136,0
DA:138,0
DA:152,0
DA:154,0
DA:155,0
DA:160,0
DA:161,0
DA:162,0
DA:163,0
DA:164,0
DA:168,0
DA:169,0
DA:170,0
DA:175,0
DA:184,0
DA:186,0
DA:187,0
DA:191,0
DA:201,0
DA:203,0
DA:204,0
DA:206,0
DA:216,0
DA:221,0
DA:223,0
DA:225,0
DA:228,0
DA:237,0
DA:249,0
DA:254,0
DA:259,0
DA:268,0
DA:271,0
DA:277,0
DA:281,0
DA:282,0
DA:284,0
LF:69
LH:18
BRDA:7,0,0,4
BRDA:7,0,1,5
BRDA:8,1,0,2
BRDA:8,1,1,3
BRDA:80,2,0,1
BRDA:80,2,1,0
BRDA:83,3,0,0
BRDA:83,3,1,1
BRDA:87,4,0,1
BRDA:87,4,1,1
BRDA:87,4,2,1
BRDA:91,5,0,0
BRDA:92,6,0,0
BRDA:92,6,1,0
BRDA:92,7,0,0
BRDA:92,7,1,0
BRDA:98,8,0,0
BRDA:99,9,0,0
BRDA:105,10,0,0
BRDA:105,10,1,0
BRDA:106,11,0,0
BRDA:106,11,1,0
BRDA:107,12,0,0
BRDA:107,12,1,0
BRDA:110,13,0,0
BRDA:110,13,1,0
BRDA:117,14,0,0
BRDA:117,14,1,0
BRDA:120,15,0,0
BRDA:120,15,1,0
BRDA:124,16,0,0
BRDA:124,16,1,0
BRDA:124,16,2,0
BRDA:131,17,0,0
BRDA:131,17,1,0
BRDA:135,18,0,0
BRDA:135,18,1,0
BRDA:139,19,0,0
BRDA:139,19,1,0
BRDA:139,19,2,0
BRDA:139,19,3,0
BRDA:139,19,4,0
BRDA:139,19,5,0
BRDA:139,19,6,0
BRDA:139,19,7,0
BRDA:139,19,8,0
BRDA:139,19,9,0
BRDA:160,20,0,0
BRDA:160,21,0,0
BRDA:163,22,0,0
BRDA:163,22,1,0
BRDA:169,23,0,0
BRDA:169,23,1,0
BRDA:170,24,0,0
BRDA:170,24,1,0
BRDA:175,25,0,0
BRDA:175,25,1,0
BRDA:186,26,0,0
BRDA:186,26,1,0
BRDA:191,27,0,0
BRDA:191,27,1,0
BRDA:197,28,0,0
BRDA:199,29,0,0
BRDA:200,30,0,0
BRDA:203,31,0,0
BRDA:203,31,1,0
BRDA:237,32,0,0
BRDA:237,32,1,0
BRDA:237,33,0,0
BRDA:237,33,1,0
BRDA:237,33,2,0
BRDA:241,34,0,0
BRDA:241,34,1,0
BRDA:241,34,2,0
BRDA:241,34,3,0
BRDA:254,35,0,0
BRDA:254,35,1,0
BRDA:268,36,0,0
BRDA:268,36,1,0
BRDA:281,37,0,0
BRDA:282,38,0,0
BRDA:282,38,1,0
BRDA:284,39,0,0
BRDA:284,39,1,0
BRF:84
BRH:9
end_of_record
